SF:lib\src\core\network\error\exceptions.dart
DA:6,1
DA:8,1
DA:13,3
DA:16,1
DA:17,6
DA:29,0
LF:6
LH:5
end_of_record
SF:lib\src\core\utils\constant\network_constant.dart
DA:4,1
DA:8,1
DA:9,3
LF:3
LH:3
end_of_record
SF:lib\src\features\articles\data\data_sources\remote\articles_impl_api.dart
DA:16,1
DA:19,1
DA:23,2
DA:24,2
DA:26,1
DA:27,2
DA:29,1
DA:30,1
DA:31,1
DA:32,0
DA:33,0
DA:35,0
DA:37,1
DA:40,0
LF:14
LH:10
end_of_record
SF:lib\src\features\articles\domain\models\articles_params.dart
DA:3,1
DA:9,0
DA:10,0
DA:13,0
DA:14,0
DA:15,0
LF:6
LH:1
end_of_record
SF:lib\src\features\articles\domain\models\article_model.dart
DA:32,1
DA:56,1
DA:57,1
DA:59,0
DA:61,1
DA:62,4
DA:67,1
DA:72,3
DA:75,1
DA:76,3
LF:10
LH:9
end_of_record
SF:lib\src\features\articles\domain\models\article_model.g.dart
DA:9,2
DA:10,1
DA:11,1
DA:12,1
DA:13,1
DA:14,1
DA:15,1
DA:16,1
DA:17,1
DA:18,1
DA:19,1
DA:20,1
DA:21,1
DA:22,1
DA:23,1
DA:24,1
DA:25,1
DA:26,1
DA:27,0
DA:28,0
DA:29,1
DA:30,0
DA:31,0
DA:32,1
DA:33,0
DA:34,0
DA:35,1
DA:36,0
DA:37,0
DA:39,1
DA:40,1
DA:43,0
DA:44,0
DA:45,0
DA:46,0
DA:47,0
DA:48,0
DA:49,0
DA:50,0
DA:51,0
DA:52,0
DA:53,0
DA:54,0
DA:55,0
DA:56,0
DA:57,0
DA:58,0
DA:59,0
DA:60,0
DA:61,0
DA:62,0
DA:63,0
DA:64,0
DA:65,0
DA:66,0
LF:55
LH:23
end_of_record
SF:lib\src\features\articles\domain\models\article_response_model.dart
DA:4,1
DA:16,1
DA:17,1
DA:18,1
DA:19,1
DA:20,1
DA:21,2
DA:25,1
DA:30,3
DA:33,1
DA:34,2
DA:35,3
DA:36,0
LF:13
LH:12
end_of_record
SF:lib\src\core\network\error\dio_error_handler.dart
DA:3,0
DA:6,0
DA:7,0
DA:10,0
DA:13,0
DA:16,0
DA:19,0
DA:21,0
DA:22,0
DA:23,0
DA:25,0
DA:26,0
DA:27,0
DA:29,0
DA:33,0
DA:34,0
DA:35,0
DA:36,0
DA:37,0
DA:38,0
DA:40,0
DA:41,0
DA:43,0
DA:44,0
DA:45,0
DA:47,0
DA:48,0
DA:50,0
DA:51,0
DA:52,0
DA:54,0
DA:56,0
DA:57,0
DA:59,0
DA:61,0
DA:62,0
DA:63,0
DA:64,0
DA:66,0
DA:67,0
DA:70,0
DA:77,0
DA:80,0
DA:83,0
DA:86,0
LF:45
LH:0
end_of_record
SF:lib\src\core\network\error\failures.dart
DA:6,0
DA:8,0
DA:9,0
DA:16,0
DA:17,0
DA:26,0
DA:27,0
LF:7
LH:0
end_of_record
SF:lib\src\features\articles\domain\usecases\articles_usecase.dart
DA:11,0
DA:13,0
DA:16,0
DA:17,0
DA:18,0
DA:19,0
DA:20,0
LF:7
LH:0
end_of_record
SF:lib\src\features\articles\domain\models\media_model.dart
DA:16,0
DA:24,0
DA:26,0
DA:28,0
DA:29,0
LF:5
LH:0
end_of_record
SF:lib\src\features\articles\domain\models\media_model.g.dart
DA:9,0
DA:10,0
DA:11,0
DA:12,0
DA:13,0
DA:14,0
DA:15,0
DA:16,0
DA:17,0
DA:20,0
DA:21,0
DA:22,0
DA:23,0
DA:24,0
DA:25,0
DA:26,0
DA:27,0
LF:17
LH:0
end_of_record
SF:lib\src\features\articles\domain\models\media_meta_data_model.dart
DA:12,0
DA:14,0
DA:15,0
DA:17,0
DA:19,0
DA:20,0
LF:6
LH:0
end_of_record
SF:lib\src\features\articles\domain\models\media_meta_data_model.g.dart
DA:9,0
DA:10,0
DA:11,0
DA:12,0
DA:13,0
DA:14,0
DA:17,0
DA:18,0
DA:19,0
DA:20,0
DA:21,0
DA:22,0
LF:12
LH:0
end_of_record
